<?xml version="1.0" encoding="UTF-8"?>
<!-- Generated by org.testng.reporters.JUnitReportReporter -->
<testsuite hostname="Tyss-FW-0026" name="testNG.Test_TestNGDemo" tests="1" failures="0" timestamp="6 Mar 2019 10:31:03 GMT" time="8.292" errors="0">
  <testcase name="test" time="8.292" classname="testNG.Test_TestNGDemo"/>
</testsuite> <!-- testNG.Test_TestNGDemo -->
