<?xml version="1.0" encoding="UTF-8"?>
<!-- Generated by org.testng.reporters.JUnitReportReporter -->
<testsuite hostname="Tyss-FW-0026" name="testNG.Test_TestNGDemo" tests="1" failures="0" timestamp="7 Mar 2019 04:35:11 GMT" time="5.261" errors="0">
  <testcase name="test" time="5.261" classname="testNG.Test_TestNGDemo"/>
</testsuite> <!-- testNG.Test_TestNGDemo -->
