<?xml version="1.0" encoding="UTF-8"?>
<!-- Generated by org.testng.reporters.JUnitReportReporter -->
<testsuite hostname="RahulSk" name="testNG.Test_TestNGDemo" tests="1" failures="0" timestamp="6 Mar 2019 16:10:07 GMT" time="3.965" errors="0">
  <testcase name="test" time="3.965" classname="testNG.Test_TestNGDemo"/>
</testsuite> <!-- testNG.Test_TestNGDemo -->
